d:\priatebomb\priatebomb\debug\vc142.pdb
d:\priatebomb\priatebomb\debug\vc142.idb
d:\priatebomb\priatebomb\debug\fallstate.obj
d:\priatebomb\priatebomb\debug\explositionstate.obj
d:\priatebomb\priatebomb\debug\explosionstate.obj
d:\priatebomb\priatebomb\debug\entity.obj
d:\priatebomb\priatebomb\debug\deadhitstate.obj
d:\priatebomb\priatebomb\debug\deadgroundstate.obj
d:\priatebomb\priatebomb\debug\cloud.obj
d:\priatebomb\priatebomb\debug\bombonstate.obj
d:\priatebomb\priatebomb\debug\bomboffstate.obj
d:\priatebomb\priatebomb\debug\bombmanager.obj
d:\priatebomb\priatebomb\debug\bomb.obj
d:\priatebomb\priatebomb\debug\basecreep.obj
d:\priatebomb\priatebomb\debug\backtree.obj
d:\priatebomb\priatebomb\debug\background.obj
d:\priatebomb\priatebomb\debug\attributecomponent.obj
d:\priatebomb\priatebomb\debug\animationcomponent.obj
d:\priatebomb\priatebomb\debug\resourcemanager.obj
d:\priatebomb\priatebomb\debug\application.obj
d:\priatebomb\priatebomb\debug\main.obj
d:\priatebomb\priatebomb\debug\gamestatemachine.obj
d:\priatebomb\priatebomb\debug\gamestatebase.obj
d:\priatebomb\priatebomb\debug\world.obj
d:\priatebomb\priatebomb\debug\waterreflect.obj
d:\priatebomb\priatebomb\debug\tilemap.obj
d:\priatebomb\priatebomb\debug\runpstate.obj
d:\priatebomb\priatebomb\debug\rocket.obj
d:\priatebomb\priatebomb\debug\player.obj
d:\priatebomb\priatebomb\debug\parallexcloud.obj
d:\priatebomb\priatebomb\debug\movingdirect.obj
d:\priatebomb\priatebomb\debug\mousedirect.obj
d:\priatebomb\priatebomb\debug\jumpstate.obj
d:\priatebomb\priatebomb\debug\jumpanticipation.obj
d:\priatebomb\priatebomb\debug\idlepstate.obj
d:\priatebomb\priatebomb\debug\hitstate.obj
d:\priatebomb\priatebomb\debug\hitcirclecomponent.obj
d:\priatebomb\priatebomb\debug\hitboxcomponent.obj
d:\priatebomb\priatebomb\debug\groundstate.obj
d:\priatebomb\priatebomb\debug\gamebutton.obj
d:\priatebomb\priatebomb\debug\firestate.obj
d:\priatebomb\priatebomb\debug\gsmenu.obj
d:\priatebomb\priatebomb\debug\gsintro.obj
d:\priatebomb\priatebomb\debug\gsgameplay.obj
d:\priatebomb\priatebomb\debug\priatebomb.tlog\cl.command.1.tlog
d:\priatebomb\priatebomb\debug\priatebomb.tlog\cl.read.1.tlog
d:\priatebomb\priatebomb\debug\priatebomb.tlog\cl.write.1.tlog
